[1017/134646.270:ERROR:process_reader_win.cc(123)] NtOpenThread: {Access Denied} A process has requested access to an object, but has not been granted those access rights. (0xc0000022)
[1017/134646.260:ERROR:process_reader_win.cc(123)] NtOpenThread: {Access Denied} A process has requested access to an object, but has not been granted those access rights. (0xc0000022)
[1017/134646.272:ERROR:exception_snapshot_win.cc(99)] thread ID 6732 not found in process
[1017/134646.272:ERROR:exception_snapshot_win.cc(99)] thread ID 8312 not found in process
[1017/134814.968:ERROR:process_reader_win.cc(123)] NtOpenThread: {Access Denied} A process has requested access to an object, but has not been granted those access rights. (0xc0000022)
[1017/134814.969:ERROR:exception_snapshot_win.cc(99)] thread ID 2116 not found in process
[1017/134814.978:ERROR:process_reader_win.cc(123)] NtOpenThread: {Access Denied} A process has requested access to an object, but has not been granted those access rights. (0xc0000022)
[1017/134814.978:ERROR:exception_snapshot_win.cc(99)] thread ID 6484 not found in process
[1017/135040.070:ERROR:process_reader_win.cc(123)] NtOpenThread: {Access Denied} A process has requested access to an object, but has not been granted those access rights. (0xc0000022)
[1017/135040.071:ERROR:exception_snapshot_win.cc(99)] thread ID 2428 not found in process
[1017/135040.074:ERROR:process_reader_win.cc(123)] NtOpenThread: {Access Denied} A process has requested access to an object, but has not been granted those access rights. (0xc0000022)
[1017/135040.074:ERROR:exception_snapshot_win.cc(99)] thread ID 11020 not found in process
[1017/135040.084:ERROR:process_reader_win.cc(123)] NtOpenThread: {Access Denied} A process has requested access to an object, but has not been granted those access rights. (0xc0000022)
[1017/135040.085:ERROR:exception_snapshot_win.cc(99)] thread ID 7744 not found in process
[1018/212242.833:ERROR:process_reader_win.cc(123)] NtOpenThread: {Access Denied} A process has requested access to an object, but has not been granted those access rights. (0xc0000022)
[1018/212242.842:ERROR:process_reader_win.cc(123)] NtOpenThread: {Access Denied} A process has requested access to an object, but has not been granted those access rights. (0xc0000022)
[1018/212242.846:ERROR:exception_snapshot_win.cc(99)] thread ID 9188 not found in process
[1018/212242.846:ERROR:exception_snapshot_win.cc(99)] thread ID 1204 not found in process
[1018/212519.586:ERROR:process_reader_win.cc(123)] NtOpenThread: {Access Denied} A process has requested access to an object, but has not been granted those access rights. (0xc0000022)
[1018/212519.587:ERROR:exception_snapshot_win.cc(99)] thread ID 13164 not found in process
[1018/212519.602:ERROR:process_reader_win.cc(123)] NtOpenThread: {Access Denied} A process has requested access to an object, but has not been granted those access rights. (0xc0000022)
[1018/212519.602:ERROR:exception_snapshot_win.cc(99)] thread ID 13660 not found in process
[1018/212738.822:ERROR:process_reader_win.cc(151)] SuspendThread: Access is denied. (0x5)
[1018/212738.823:ERROR:process_reader_win.cc(123)] NtOpenThread: {Access Denied} A process has requested access to an object, but has not been granted those access rights. (0xc0000022)
[1018/212738.823:ERROR:exception_snapshot_win.cc(99)] thread ID 16600 not found in process
[1018/212738.840:ERROR:process_reader_win.cc(123)] NtOpenThread: {Access Denied} A process has requested access to an object, but has not been granted those access rights. (0xc0000022)
[1018/212738.840:ERROR:exception_snapshot_win.cc(99)] thread ID 16604 not found in process
[1019/144734.353:ERROR:process_reader_win.cc(123)] NtOpenThread: {Access Denied} A process has requested access to an object, but has not been granted those access rights. (0xc0000022)
[1019/144734.365:ERROR:process_reader_win.cc(123)] NtOpenThread: {Access Denied} A process has requested access to an object, but has not been granted those access rights. (0xc0000022)
[1019/144734.350:ERROR:process_reader_win.cc(123)] NtOpenThread: {Access Denied} A process has requested access to an object, but has not been granted those access rights. (0xc0000022)
[1019/144734.369:ERROR:exception_snapshot_win.cc(99)] thread ID 9268 not found in process
[1019/144734.369:ERROR:exception_snapshot_win.cc(99)] thread ID 11644 not found in process
[1019/144734.369:ERROR:exception_snapshot_win.cc(99)] thread ID 17236 not found in process
[1107/160607.712:ERROR:directory_reader_win.cc(43)] FindFirstFile: The system cannot find the path specified. (0x3)
[1107/193740.944:ERROR:directory_reader_win.cc(43)] FindFirstFile: The system cannot find the path specified. (0x3)
[1107/194911.296:ERROR:directory_reader_win.cc(43)] FindFirstFile: The system cannot find the path specified. (0x3)
[1108/101048.616:ERROR:directory_reader_win.cc(43)] FindFirstFile: The system cannot find the path specified. (0x3)
[1108/162319.359:ERROR:directory_reader_win.cc(43)] FindFirstFile: The system cannot find the path specified. (0x3)
[1109/133549.311:ERROR:directory_reader_win.cc(43)] FindFirstFile: The system cannot find the path specified. (0x3)
[1109/150102.276:ERROR:directory_reader_win.cc(43)] FindFirstFile: The system cannot find the path specified. (0x3)
[1110/133139.425:ERROR:directory_reader_win.cc(43)] FindFirstFile: The system cannot find the path specified. (0x3)
[1110/140209.854:ERROR:directory_reader_win.cc(43)] FindFirstFile: The system cannot find the path specified. (0x3)
[1110/153109.057:ERROR:directory_reader_win.cc(43)] FindFirstFile: The system cannot find the path specified. (0x3)
[1113/182701.905:ERROR:directory_reader_win.cc(43)] FindFirstFile: The system cannot find the path specified. (0x3)
[1113/195736.661:ERROR:filesystem_win.cc(129)] GetFileAttributes C:\Users\harun\AppData\Local\Temp\scoped_dir7832_847214855\Crashpad\attachments\64298555-33c8-4fdd-a74c-39022c29df14: The system cannot find the path specified. (0x3)
